# JRE version: Java(TM) SE Runtime Environment 18.9 (11.0.15+8) (build 11.0.15+8-LTS-149)
# Java VM: Java HotSpot(TM) 64-Bit Server VM 18.9 (11.0.15+8-LTS-149, mixed mode, tiered, compressed oops, g1 gc, windows-amd64)
Heap:
 garbage-first heap   total 131072K, used 56917K [0x0000000081600000, 0x0000000100000000)
  region size 1024K, 46 young (47104K), 5 survivors (5120K)
 Metaspace       used 29643K, capacity 30625K, committed 30848K, reserved 1077248K
  class space    used 3456K, capacity 3851K, committed 3968K, reserved 1048576K
GC Heap History (8 events):
Event: 1.699 GC heap before
{Heap before GC invocations=0 (full 0):
 garbage-first heap   total 131072K, used 25600K [0x0000000081600000, 0x0000000100000000)
  region size 1024K, 24 young (24576K), 0 survivors (0K)
 Metaspace       used 10644K, capacity 10935K, committed 11136K, reserved 1058816K
  class space    used 1005K, capacity 1104K, committed 1152K, reserved 1048576K
}
Event: 1.712 GC heap after
{Heap after GC invocations=1 (full 0):
 garbage-first heap   total 131072K, used 11499K [0x0000000081600000, 0x0000000100000000)
  region size 1024K, 3 young (3072K), 3 survivors (3072K)
 Metaspace       used 10644K, capacity 10935K, committed 11136K, reserved 1058816K
  class space    used 1005K, capacity 1104K, committed 1152K, reserved 1048576K
}
Event: 2.561 GC heap before
{Heap before GC invocations=1 (full 0):
 garbage-first heap   total 131072K, used 34027K [0x0000000081600000, 0x0000000100000000)
  region size 1024K, 25 young (25600K), 3 survivors (3072K)
 Metaspace       used 14518K, capacity 15022K, committed 15104K, reserved 1062912K
  class space    used 1514K, capacity 1715K, committed 1792K, reserved 1048576K
}
Event: 2.568 GC heap after
{Heap after GC invocations=2 (full 0):
 garbage-first heap   total 131072K, used 12312K [0x0000000081600000, 0x0000000100000000)
  region size 1024K, 1 young (1024K), 1 survivors (1024K)
 Metaspace       used 14518K, capacity 15022K, committed 15104K, reserved 1062912K
  class space    used 1514K, capacity 1715K, committed 1792K, reserved 1048576K
}
Event: 4.468 GC heap before
{Heap before GC invocations=2 (full 0):
 garbage-first heap   total 131072K, used 55320K [0x0000000081600000, 0x0000000100000000)
  region size 1024K, 44 young (45056K), 1 survivors (1024K)
 Metaspace       used 20458K, capacity 21142K, committed 21248K, reserved 1069056K
  class space    used 2284K, capacity 2532K, committed 2560K, reserved 1048576K
}
Event: 4.476 GC heap after
{Heap after GC invocations=3 (full 0):
 garbage-first heap   total 131072K, used 13836K [0x0000000081600000, 0x0000000100000000)
  region size 1024K, 3 young (3072K), 3 survivors (3072K)
 Metaspace       used 20458K, capacity 21142K, committed 21248K, reserved 1069056K
  class space    used 2284K, capacity 2532K, committed 2560K, reserved 1048576K
}
Event: 5.693 GC heap before
{Heap before GC invocations=4 (full 0):
 garbage-first heap   total 131072K, used 68108K [0x0000000081600000, 0x0000000100000000)
  region size 1024K, 57 young (58368K), 3 survivors (3072K)
 Metaspace       used 27751K, capacity 28616K, committed 28800K, reserved 1075200K
  class space    used 3227K, capacity 3587K, committed 3712K, reserved 1048576K
}
Event: 5.704 GC heap after
{Heap after GC invocations=5 (full 0):
 garbage-first heap   total 131072K, used 15957K [0x0000000081600000, 0x0000000100000000)
  region size 1024K, 5 young (5120K), 5 survivors (5120K)
 Metaspace       used 27751K, capacity 28616K, committed 28800K, reserved 1075200K
  class space    used 3227K, capacity 3587K, committed 3712K, reserved 1048576K
}

